compiz (core) - Info: Loading plugin: core
compiz (core) - Info: Starting plugin: core
compiz (core) - Info: Loading plugin: ccp
compiz (core) - Info: Starting plugin: ccp
compiz (core) - Info: Loading plugin: crashhandler
compiz (core) - Info: Starting plugin: crashhandler
compiz (core) - Info: Loading plugin: composite
compiz (core) - Info: Starting plugin: composite
compiz (core) - Info: Loading plugin: opengl
compiz (core) - Info: Starting plugin: opengl
Compiz (opengl) - Info: GLX_EXT_buffer_age is supported
compiz (core) - Info: Loading plugin: workspacenames
compiz (core) - Info: Starting plugin: workspacenames
compiz (core) - Error: Plugin 'text' not loaded.

compiz (workspacenames) - Warn: No compatible text plugin loaded
compiz (core) - Info: Loading plugin: decor
compiz (core) - Info: Starting plugin: decor
compiz (core) - Info: Loading plugin: snap
compiz (core) - Info: Starting plugin: snap
compiz (core) - Info: Loading plugin: move
compiz (core) - Info: Starting plugin: move
compiz (core) - Info: Loading plugin: mousepoll
compiz (core) - Info: Starting plugin: mousepoll
compiz (core) - Info: Loading plugin: matecompat
compiz (core) - Info: Starting plugin: matecompat
compiz (core) - Info: Loading plugin: commands
compiz (core) - Info: Starting plugin: commands
compiz (core) - Info: Loading plugin: neg
compiz (core) - Info: Starting plugin: neg
compiz (core) - Info: Loading plugin: grid
compiz (core) - Info: Starting plugin: grid
compiz (core) - Info: Loading plugin: compiztoolbox
compiz (core) - Info: Starting plugin: compiztoolbox
compiz (core) - Info: Loading plugin: showmouse
compiz (core) - Info: Starting plugin: showmouse
compiz (core) - Info: Loading plugin: vpswitch
compiz (core) - Info: Starting plugin: vpswitch
compiz (core) - Info: Loading plugin: thumbnail
compiz (core) - Info: Starting plugin: thumbnail
compiz (core) - Error: Plugin 'text' not loaded.

compiz (core) - Info: Loading plugin: resize
compiz (core) - Info: Starting plugin: resize
compiz (core) - Info: Loading plugin: wall
compiz (core) - Info: Starting plugin: wall
compiz (core) - Info: Loading plugin: place
compiz (core) - Info: Starting plugin: place
compiz (core) - Info: Loading plugin: copytex
compiz (core) - Info: Starting plugin: copytex
compiz (core) - Info: Loading plugin: imgpng
compiz (core) - Info: Starting plugin: imgpng
compiz (core) - Info: Loading plugin: regex
compiz (core) - Info: Starting plugin: regex
compiz (core) - Info: Loading plugin: session
compiz (core) - Info: Starting plugin: session
compiz (core) - Info: Loading plugin: animation
compiz (core) - Info: Starting plugin: animation
compiz (core) - Info: Loading plugin: fade
compiz (core) - Info: Starting plugin: fade
compiz (core) - Info: Loading plugin: scale
compiz (core) - Info: Starting plugin: scale
compiz (core) - Info: Loading plugin: expo
compiz (core) - Info: Starting plugin: expo
compiz (core) - Info: Loading plugin: workarounds
compiz (core) - Info: Starting plugin: workarounds
compiz (core) - Info: Loading plugin: ezoom
compiz (core) - Info: Starting plugin: ezoom
compiz (core) - Info: Loading plugin: switcher
compiz (core) - Info: Starting plugin: switcher
compiz (decor) - Warn: No default decoration found, placement will not be correct
compiz (decor) - Warn: No default decoration found, placement will not be correct
compiz (decor) - Warn: No default decoration found, placement will not be correct
compiz (decor) - Warn: No default decoration found, placement will not be correct
compiz (decor) - Warn: No default decoration found, placement will not be correct
compiz (decor) - Warn: No default decoration found, placement will not be correct
compiz (decor) - Warn: No default decoration found, placement will not be correct
compiz (decor) - Warn: No default decoration found, placement will not be correct
compiz (decor) - Warn: No default decoration found, placement will not be correct
compiz (decor) - Warn: No default decoration found, placement will not be correct
XIO:  fatal IO error 17 (File exists) on X server ":0.0"
      after 11739563 requests (11739563 known processed) with 0 events remaining.
compizconfig - Info: Backend     : gsettings
compizconfig - Info: Integration : false
compizconfig - Info: Profile     : mate
